<?xml version="1.0" encoding="UTF-8"?>
<testsuite name="org.example.TestManagementPrimarie" tests="17" skipped="0" failures="0" errors="0" timestamp="2023-01-05T15:14:05" hostname="DESKTOP-1G40BLF" time="0.556">
  <properties/>
  <testcase name="utilizatoriCombinat1()" classname="org.example.TestManagementPrimarie" time="0.196"/>
  <testcase name="utilizatoriCombinat2()" classname="org.example.TestManagementPrimarie" time="0.046"/>
  <testcase name="utilizatoriCombinat3()" classname="org.example.TestManagementPrimarie" time="0.039"/>
  <testcase name="exceptieCerere1()" classname="org.example.TestManagementPrimarie" time="0.008"/>
  <testcase name="adaugaCerere1()" classname="org.example.TestManagementPrimarie" time="0.007"/>
  <testcase name="birouCereri1()" classname="org.example.TestManagementPrimarie" time="0.019"/>
  <testcase name="birouCereri2()" classname="org.example.TestManagementPrimarie" time="0.03"/>
  <testcase name="birouCereri3()" classname="org.example.TestManagementPrimarie" time="0.031"/>
  <testcase name="birouCereri4()" classname="org.example.TestManagementPrimarie" time="0.044"/>
  <testcase name="birouCereri5()" classname="org.example.TestManagementPrimarie" time="0.02"/>
  <testcase name="emptyOutput()" classname="org.example.TestManagementPrimarie" time="0.017"/>
  <testcase name="stergeCerere1()" classname="org.example.TestManagementPrimarie" time="0.02"/>
  <testcase name="utilizatorCerereCombinat1()" classname="org.example.TestManagementPrimarie" time="0.011"/>
  <testcase name="utilizatorCerereCombinat2()" classname="org.example.TestManagementPrimarie" time="0.011"/>
  <testcase name="utilizatorCerereCombinat3()" classname="org.example.TestManagementPrimarie" time="0.012"/>
  <testcase name="utilizatorCerereCombinat4()" classname="org.example.TestManagementPrimarie" time="0.009"/>
  <testcase name="utilizatorCerereCombinat5()" classname="org.example.TestManagementPrimarie" time="0.01"/>
  <system-out><![CDATA[]]></system-out>
  <system-err><![CDATA[]]></system-err>
</testsuite>
